<?xml version="1.0" encoding="UTF-8"?>
<!-- Generated by org.testng.reporters.JUnitReportReporter -->
<testsuite skipped="0" hostname="DESKTOP-A15AP0F" name="testCases.Execution" tests="1" failures="0" timestamp="2020-09-22T19:07:53 IST" time="32.731" errors="0">
  <testcase name="LoginExecution" time="32.731" classname="testCases.Execution"/>
</testsuite> <!-- testCases.Execution -->
